<?xml version='1.0'?>
<ns2:test-suite xmlns:ns2='urn:model.allure.qatools.yandex.ru' start='1650796629701' stop='1650796648539'>
    <name>login page feature test</name>
    <title>login page feature test</title>
    <test-cases>
        <test-case start='1650796629702' status='passed' stop='1650796648032'>
            <name>verify login page title</name>
            <title>verify login page title</title>
            <labels>
                <label name='language' value='javascript'/>
                <label name='framework' value='wdio'/>
                <label name='thread' value='0-0'/>
            </labels>
            <parameters>
                <parameter kind='argument' name='browser' value='chrome-100.0.4896.127'/>
            </parameters>
            <steps>
                <step start='1650796629707' status='passed' stop='1650796647756'>
                    <name>POST /session/:sessionId/url</name>
                    <title>POST /session/:sessionId/url</title>
                    <attachments>
                        <attachment title='Request' source='af12c003-20c5-49d1-8430-3f2efb9c3a32-attachment.json' type='application/json' size='54'/>
                    </attachments>
                    <steps/>
                </step>
                <step start='1650796647757' status='passed' stop='1650796648025'>
                    <name>GET /session/:sessionId/title</name>
                    <title>GET /session/:sessionId/title</title>
                    <attachments>
                        <attachment title='Response' source='0494e411-9d17-48c7-8b79-82addfe0c1e1-attachment.json' type='application/json' size='10'/>
                    </attachments>
                    <steps>
                        <step start='1650796647761' status='passed' stop='1650796647829'>
                            <name>GET /session/:sessionId/title</name>
                            <title>GET /session/:sessionId/title</title>
                            <attachments>
                                <attachment title='Response' source='8efc1a2e-c5aa-4de8-bf45-2c96bef1f9a4-attachment.json' type='application/json' size='10'/>
                            </attachments>
                            <steps>
                                <step start='1650796647766' status='passed' stop='1650796647815'>
                                    <name>POST /session/:sessionId/window/maximize</name>
                                    <title>POST /session/:sessionId/window/maximize</title>
                                    <attachments>
                                        <attachment title='Response' source='bd9bbc55-6742-4b4c-b73e-6d84daf0a110-attachment.json' type='application/json' size='10'/>
                                    </attachments>
                                    <steps/>
                                </step>
                            </steps>
                        </step>
                        <step start='1650796647832' status='passed' stop='1650796647997'>
                            <name>GET /session/:sessionId/title</name>
                            <title>GET /session/:sessionId/title</title>
                            <attachments>
                                <attachment title='Response' source='273815f4-18d7-4f37-8d4c-abc903c08495-attachment.json' type='application/json' size='58'/>
                            </attachments>
                            <steps/>
                        </step>
                    </steps>
                </step>
            </steps>
            <attachments/>
        </test-case>
        <test-case start='1650796648033' status='broken' stop='1650796648533'>
            <name>verify Sign in link</name>
            <title>verify Sign in link</title>
            <labels>
                <label name='language' value='javascript'/>
                <label name='framework' value='wdio'/>
                <label name='thread' value='0-0'/>
            </labels>
            <parameters>
                <parameter kind='argument' name='browser' value='chrome-100.0.4896.127'/>
            </parameters>
            <steps>
                <step start='1650796648067' status='broken' stop='1650796648533'>
                    <name>GET /session/:sessionId/screenshot</name>
                    <title>GET /session/:sessionId/screenshot</title>
                    <attachments/>
                    <steps>
                        <step start='1650796648258' status='passed' stop='1650796648532'>
                            <name>GET /session/:sessionId/title</name>
                            <title>GET /session/:sessionId/title</title>
                            <attachments>
                                <attachment title='Screenshot' source='dc0b45ea-c1ce-4e7e-8bc7-baee3dea4d48-attachment.png' type='image/png' size='598073'/>
                            </attachments>
                            <steps/>
                        </step>
                    </steps>
                </step>
            </steps>
            <attachments>
                <attachment title='Response' source='54fd8288-1dfe-4aff-9201-0b798aa9ef71-attachment.json' type='application/json' size='10'/>
            </attachments>
            <failure>
                <message>element.waitForDisplayed is not a function</message>
                <stack-trace>TypeError: element.waitForDisplayed is not a function
                    at ElementUtil.doIsDisplayed (D:\webdriver-io-practice\util\/elementUtil.js:21:17)
                    at LoginPage.isSignInLinkExist (D:\webdriver-io-practice\test\pageobjects\/login.page.js:40:28)
                    at Context.&lt;anonymous> (D:\webdriver-io-practice\test\specs\/login.test.js:17:32)
                    at Context.executeAsync (D:\webdriver-io-practice\node_modules\@wdio\utils\build\shim.js:331:27)
                    at Context.testFrameworkFnWrapper (D:\webdriver-io-practice\node_modules\@wdio\utils\build\test-framework\testFnWrapper.js:51:32)</stack-trace>
            </failure>
        </test-case>
        <test-case start='1650796648538' status='pending' stop='1650796648538'>
            <name>Verify Account got created</name>
            <title>Verify Account got created</title>
            <labels/>
            <parameters/>
            <steps/>
            <attachments/>
            <failure>
                <message>Test ignored</message>
                <stack-trace>undefined</stack-trace>
            </failure>
        </test-case>
        <test-case start='1650796648538' status='pending' stop='1650796648538'>
            <name>verify correct name and surname is displayed</name>
            <title>verify correct name and surname is displayed</title>
            <labels/>
            <parameters/>
            <steps/>
            <attachments/>
            <failure>
                <message>Test ignored</message>
                <stack-trace>undefined</stack-trace>
            </failure>
        </test-case>
        <test-case start='1650796648538' status='pending' stop='1650796648538'>
            <name>verify able to add product and product details showing  correctly</name>
            <title>verify able to add product and product details showing  correctly</title>
            <labels/>
            <parameters/>
            <steps/>
            <attachments/>
            <failure>
                <message>Test ignored</message>
                <stack-trace>undefined</stack-trace>
            </failure>
        </test-case>
    </test-cases>
</ns2:test-suite>